Arguments: 
  /Users/dw/.asdf/installs/nodejs/18.17.1/bin/node /Users/dw/.asdf/installs/nodejs/18.17.1/bin/yarn publish --tag alpha

PATH: 
  /Users/dw/.asdf/plugins/nodejs/shims:/Users/dw/.asdf/installs/nodejs/18.17.1/bin:/Users/dw/.asdf/shims:/Users/dw/.asdf/bin:/Users/dw/.serverless/bin:/usr/local/bin:/usr/bin:/bin:/usr/sbin:/sbin:/usr/local/go/bin:/Users/dw/.serverless/bin:/Users/dw/.foundry/bin:/Users/dw/sh:/Users/dw/IdeaProjects/go-ethereum/build/bin:/Users/dw/sh:/Users/dw/IdeaProjects/go-ethereum/build/bin

Yarn version: 
  1.22.19

Node version: 
  18.17.1

Platform: 
  darwin x64

Trace: 
  Error: https://registry.yarnpkg.com/-/user/org.couchdb.user:nowilltobreak: failed to authenticate: Could not authenticate nowilltobreak: bad password
      at params.callback [as _callback] (/Users/dw/.asdf/installs/nodejs/18.17.1/lib/node_modules/yarn/lib/cli.js:66145:18)
      at self.callback (/Users/dw/.asdf/installs/nodejs/18.17.1/lib/node_modules/yarn/lib/cli.js:140890:22)
      at Request.emit (node:events:514:28)
      at Request.<anonymous> (/Users/dw/.asdf/installs/nodejs/18.17.1/lib/node_modules/yarn/lib/cli.js:141862:10)
      at Request.emit (node:events:514:28)
      at IncomingMessage.<anonymous> (/Users/dw/.asdf/installs/nodejs/18.17.1/lib/node_modules/yarn/lib/cli.js:141784:12)
      at Object.onceWrapper (node:events:628:28)
      at IncomingMessage.emit (node:events:526:35)
      at endReadableNT (node:internal/streams/readable:1359:12)
      at process.processTicksAndRejections (node:internal/process/task_queues:82:21)

npm manifest: 
  {
    "name": "@nowilltobreak/hollow",
    "version": "0.0.3",
    "description": "dex contracts interface",
    "author": "nowilltobreak",
    "license": "ISC",
    "publishConfig": {
      "access": "public"
    },
    "files": [
      "contracts"
    ],
    "keywords": [
      "dodo",
      "ethereum",
      "contracts"
    ],
    "repository": {
      "type": "git",
      "url": "https://github.com/NoWillToBreak/Hollow.git"
    }
  }

yarn manifest: 
  No manifest

Lockfile: 
  No lockfile
